<?xml version="1.0" encoding="UTF-8"?>
<coverage generated="1728782588321" clover="3.2.0">
  <project timestamp="1728782588321" name="All files">
    <metrics statements="0" coveredstatements="0" conditionals="0" coveredconditionals="0" methods="0" coveredmethods="0" elements="0" coveredelements="0" complexity="0" loc="0" ncloc="0" packages="1" files="1" classes="1"/>
    <file name="vite-env.d.ts" path="/Users/kristindiep/Desktop/notes-app/client/src/vite-env.d.ts">
      <metrics statements="0" coveredstatements="0" conditionals="0" coveredconditionals="0" methods="0" coveredmethods="0"/>
    </file>
  </project>
</coverage>
